<?xml version="1.0" encoding="UTF-8"?>
<!-- Generated by org.testng.reporters.JUnitXMLReporter -->
<testsuite ignored="0" hostname="197NODMB31174" failures="0" tests="5" name="Registration Flow" time="112.507" errors="0" timestamp="2023-11-18T11:34:47 IST">
  <testcase classname="com.newtours.tests.RegistrationTest" name="TestRegistrationFlow1" time="15.698"/>
  <testcase classname="com.newtours.tests.RegistrationTest" name="TestRegistrationFlow2" time="14.238"/>
  <testcase classname="com.newtours.tests.RegistrationTest" name="TestRegistrationFlow3" time="15.2"/>
  <testcase classname="com.newtours.tests.RegistrationTest" name="TestRegistrationFlow4" time="15.706"/>
  <testcase classname="com.newtours.tests.RegistrationTest" name="TestRegistrationFlow5" time="15.075"/>
</testsuite> <!-- Registration Flow -->
