<?xml version="1.0" encoding="UTF-8"?>
<testsuite xmlns:xsi="http://www.w3.org/2001/XMLSchema-instance" xsi:noNamespaceSchemaLocation="https://maven.apache.org/surefire/maven-surefire-plugin/xsd/surefire-test-report-3.0.xsd" version="3.0" name="TestSuite" time="114.91" tests="5" errors="0" skipped="0" failures="0">
  <properties>
[...]
</properties>
  <testcase name="TestRegistrationFlow1" classname="com.newtours.tests.RegistrationTest" time="15.786">
    <system-out><![CDATA[[INFO ] 11:32:56.865 [Registration Flow] [Thread ID - 1] - CREATING WEBDRIVER INSTANCE..
[INFO ] 11:33:06.037 [Registration Flow] [Thread ID - 1] - [ChromeDriver: chrome on MAC (992db8ff6c7f55cd8ec59025ac190cac)] - Created Webdriver instance 
[INFO ] 11:33:06.228 [Registration Flow] [Thread ID - 1] - Start of TestRegistrationFlow1
[INFO ] 11:33:06.391 [Registration Flow] [Thread ID - 1] - [ChromeDriver: chrome on MAC (992db8ff6c7f55cd8ec59025ac190cac)] - inside goTo - opening URL - https://demo.guru99.com/test/newtours/register.php
[INFO ] 11:33:14.102 [Registration Flow] [Thread ID - 1] - [ChromeDriver: chrome on MAC (992db8ff6c7f55cd8ec59025ac190cac)] - Waiting for FirstName to be visible..
[INFO ] 11:33:14.719 [Registration Flow] [Thread ID - 1] - [ChromeDriver: chrome on MAC (992db8ff6c7f55cd8ec59025ac190cac)] - inside enterContactInfo
[INFO ] 11:33:16.286 [Registration Flow] [Thread ID - 1] - [ChromeDriver: chrome on MAC (992db8ff6c7f55cd8ec59025ac190cac)] - inside enterUserInfo
[INFO ] 11:33:16.738 [Registration Flow] [Thread ID - 1] - [ChromeDriver: chrome on MAC (992db8ff6c7f55cd8ec59025ac190cac)] - inside submitInfo
[INFO ] 11:33:21.329 [Registration Flow] [Thread ID - 1] - [ChromeDriver: chrome on MAC (992db8ff6c7f55cd8ec59025ac190cac)] - Waiting for next page to be visible..
[INFO ] 11:33:21.714 [Registration Flow] [Thread ID - 1] - inside getConfTextValue - after attach
]]></system-out>
    <system-err><![CDATA[SLF4J: Failed to load class "org.slf4j.impl.StaticLoggerBinder".
SLF4J: Defaulting to no-operation (NOP) logger implementation
SLF4J: See http://www.slf4j.org/codes.html#StaticLoggerBinder for further details.
Starting ChromeDriver 119.0.6045.105 (38c72552c5e15ba9b3117c0967a0fd105072d7c6-refs/branch-heads/6045@{#1103}) on port 24849
Only local connections are allowed.
Please see https://chromedriver.chromium.org/security-considerations for suggestions on keeping ChromeDriver safe.
ChromeDriver was started successfully.
Nov 18, 2023 11:33:06 AM org.openqa.selenium.devtools.CdpVersionFinder findNearestMatch
WARNING: Unable to find CDP implementation matching 119
Nov 18, 2023 11:33:06 AM org.openqa.selenium.chromium.ChromiumDriver lambda$new$3
WARNING: Unable to find version of CDP to use for . You may need to include a dependency on a specific version of the CDP using something similar to `org.seleniumhq.selenium:selenium-devtools-v86:4.8.1` where the version ("v86") matches the version of the chromium-based browser you're using and the version number of the artifact is the same as Selenium's.
]]></system-err>
  </testcase>
  <testcase name="TestRegistrationFlow2" classname="com.newtours.tests.RegistrationTest" time="14.287">
    <system-out><![CDATA[[INFO ] 11:33:22.435 [Registration Flow] [Thread ID - 1] - CREATING WEBDRIVER INSTANCE..
[INFO ] 11:33:29.047 [Registration Flow] [Thread ID - 1] - [ChromeDriver: chrome on MAC (1b904245fec6d46f057866180981c3d2)] - Created Webdriver instance 
[INFO ] 11:33:29.074 [Registration Flow] [Thread ID - 1] - Start of TestRegistrationFlow2
[INFO ] 11:33:29.077 [Registration Flow] [Thread ID - 1] - [ChromeDriver: chrome on MAC (1b904245fec6d46f057866180981c3d2)] - inside goTo - opening URL - https://demo.guru99.com/test/newtours/register.php
[INFO ] 11:33:35.413 [Registration Flow] [Thread ID - 1] - [ChromeDriver: chrome on MAC (1b904245fec6d46f057866180981c3d2)] - Waiting for FirstName to be visible..
[INFO ] 11:33:35.912 [Registration Flow] [Thread ID - 1] - [ChromeDriver: chrome on MAC (1b904245fec6d46f057866180981c3d2)] - inside enterContactInfo
[INFO ] 11:33:37.559 [Registration Flow] [Thread ID - 1] - [ChromeDriver: chrome on MAC (1b904245fec6d46f057866180981c3d2)] - inside enterUserInfo
[INFO ] 11:33:38.136 [Registration Flow] [Thread ID - 1] - [ChromeDriver: chrome on MAC (1b904245fec6d46f057866180981c3d2)] - inside submitInfo
[INFO ] 11:33:42.785 [Registration Flow] [Thread ID - 1] - [ChromeDriver: chrome on MAC (1b904245fec6d46f057866180981c3d2)] - Waiting for next page to be visible..
[INFO ] 11:33:43.163 [Registration Flow] [Thread ID - 1] - inside getConfTextValue - after attach
]]></system-out>
    <system-err><![CDATA[Starting ChromeDriver 119.0.6045.105 (38c72552c5e15ba9b3117c0967a0fd105072d7c6-refs/branch-heads/6045@{#1103}) on port 26682
Only local connections are allowed.
Please see https://chromedriver.chromium.org/security-considerations for suggestions on keeping ChromeDriver safe.
ChromeDriver was started successfully.
Nov 18, 2023 11:33:29 AM org.openqa.selenium.devtools.CdpVersionFinder findNearestMatch
WARNING: Unable to find CDP implementation matching 119
Nov 18, 2023 11:33:29 AM org.openqa.selenium.chromium.ChromiumDriver lambda$new$3
WARNING: Unable to find version of CDP to use for . You may need to include a dependency on a specific version of the CDP using something similar to `org.seleniumhq.selenium:selenium-devtools-v86:4.8.1` where the version ("v86") matches the version of the chromium-based browser you're using and the version number of the artifact is the same as Selenium's.
]]></system-err>
  </testcase>
  <testcase name="TestRegistrationFlow3" classname="com.newtours.tests.RegistrationTest" time="15.204">
    <system-out><![CDATA[[INFO ] 11:33:43.789 [Registration Flow] [Thread ID - 1] - CREATING WEBDRIVER INSTANCE..
[INFO ] 11:33:48.538 [Registration Flow] [Thread ID - 1] - [ChromeDriver: chrome on MAC (fc51ec886b06522c0c19234f6fbc122d)] - Created Webdriver instance 
[INFO ] 11:33:48.763 [Registration Flow] [Thread ID - 1] - Start of TestRegistrationFlow3
[INFO ] 11:33:48.764 [Registration Flow] [Thread ID - 1] - [ChromeDriver: chrome on MAC (fc51ec886b06522c0c19234f6fbc122d)] - inside goTo - opening URL - https://demo.guru99.com/test/newtours/register.php
[INFO ] 11:33:55.023 [Registration Flow] [Thread ID - 1] - [ChromeDriver: chrome on MAC (fc51ec886b06522c0c19234f6fbc122d)] - Waiting for FirstName to be visible..
[INFO ] 11:33:55.685 [Registration Flow] [Thread ID - 1] - [ChromeDriver: chrome on MAC (fc51ec886b06522c0c19234f6fbc122d)] - inside enterContactInfo
[INFO ] 11:33:57.496 [Registration Flow] [Thread ID - 1] - [ChromeDriver: chrome on MAC (fc51ec886b06522c0c19234f6fbc122d)] - inside enterUserInfo
[INFO ] 11:33:57.998 [Registration Flow] [Thread ID - 1] - [ChromeDriver: chrome on MAC (fc51ec886b06522c0c19234f6fbc122d)] - inside submitInfo
[INFO ] 11:34:02.487 [Registration Flow] [Thread ID - 1] - [ChromeDriver: chrome on MAC (fc51ec886b06522c0c19234f6fbc122d)] - Waiting for next page to be visible..
[INFO ] 11:34:02.998 [Registration Flow] [Thread ID - 1] - inside getConfTextValue - after attach
]]></system-out>
    <system-err><![CDATA[Starting ChromeDriver 119.0.6045.105 (38c72552c5e15ba9b3117c0967a0fd105072d7c6-refs/branch-heads/6045@{#1103}) on port 35414
Only local connections are allowed.
Please see https://chromedriver.chromium.org/security-considerations for suggestions on keeping ChromeDriver safe.
ChromeDriver was started successfully.
Nov 18, 2023 11:33:48 AM org.openqa.selenium.devtools.CdpVersionFinder findNearestMatch
WARNING: Unable to find CDP implementation matching 119
Nov 18, 2023 11:33:48 AM org.openqa.selenium.chromium.ChromiumDriver lambda$new$3
WARNING: Unable to find version of CDP to use for . You may need to include a dependency on a specific version of the CDP using something similar to `org.seleniumhq.selenium:selenium-devtools-v86:4.8.1` where the version ("v86") matches the version of the chromium-based browser you're using and the version number of the artifact is the same as Selenium's.
]]></system-err>
  </testcase>
  <testcase name="TestRegistrationFlow4" classname="com.newtours.tests.RegistrationTest" time="15.84">
    <system-out><![CDATA[[INFO ] 11:34:04.607 [Registration Flow] [Thread ID - 1] - CREATING WEBDRIVER INSTANCE..
[INFO ] 11:34:09.556 [Registration Flow] [Thread ID - 1] - [ChromeDriver: chrome on MAC (b50a34245c0e1fbe8d8e1a7f06b41956)] - Created Webdriver instance 
[INFO ] 11:34:09.584 [Registration Flow] [Thread ID - 1] - Start of TestRegistrationFlow4
[INFO ] 11:34:09.586 [Registration Flow] [Thread ID - 1] - [ChromeDriver: chrome on MAC (b50a34245c0e1fbe8d8e1a7f06b41956)] - inside goTo - opening URL - https://demo.guru99.com/test/newtours/register.php
[INFO ] 11:34:16.845 [Registration Flow] [Thread ID - 1] - [ChromeDriver: chrome on MAC (b50a34245c0e1fbe8d8e1a7f06b41956)] - Waiting for FirstName to be visible..
[INFO ] 11:34:17.390 [Registration Flow] [Thread ID - 1] - [ChromeDriver: chrome on MAC (b50a34245c0e1fbe8d8e1a7f06b41956)] - inside enterContactInfo
[INFO ] 11:34:19.112 [Registration Flow] [Thread ID - 1] - [ChromeDriver: chrome on MAC (b50a34245c0e1fbe8d8e1a7f06b41956)] - inside enterUserInfo
[INFO ] 11:34:19.630 [Registration Flow] [Thread ID - 1] - [ChromeDriver: chrome on MAC (b50a34245c0e1fbe8d8e1a7f06b41956)] - inside submitInfo
[INFO ] 11:34:24.720 [Registration Flow] [Thread ID - 1] - [ChromeDriver: chrome on MAC (b50a34245c0e1fbe8d8e1a7f06b41956)] - Waiting for next page to be visible..
[INFO ] 11:34:25.113 [Registration Flow] [Thread ID - 1] - inside getConfTextValue - after attach
]]></system-out>
    <system-err><![CDATA[Starting ChromeDriver 119.0.6045.105 (38c72552c5e15ba9b3117c0967a0fd105072d7c6-refs/branch-heads/6045@{#1103}) on port 32386
Only local connections are allowed.
Please see https://chromedriver.chromium.org/security-considerations for suggestions on keeping ChromeDriver safe.
ChromeDriver was started successfully.
Nov 18, 2023 11:34:09 AM org.openqa.selenium.devtools.CdpVersionFinder findNearestMatch
WARNING: Unable to find CDP implementation matching 119
Nov 18, 2023 11:34:09 AM org.openqa.selenium.chromium.ChromiumDriver lambda$new$3
WARNING: Unable to find version of CDP to use for . You may need to include a dependency on a specific version of the CDP using something similar to `org.seleniumhq.selenium:selenium-devtools-v86:4.8.1` where the version ("v86") matches the version of the chromium-based browser you're using and the version number of the artifact is the same as Selenium's.
]]></system-err>
  </testcase>
  <testcase name="TestRegistrationFlow5" classname="com.newtours.tests.RegistrationTest" time="15.071">
    <system-out><![CDATA[[INFO ] 11:34:26.517 [Registration Flow] [Thread ID - 1] - CREATING WEBDRIVER INSTANCE..
[INFO ] 11:34:32.244 [Registration Flow] [Thread ID - 1] - [ChromeDriver: chrome on MAC (b85862592c7759aebb1bc8961d5aaffd)] - Created Webdriver instance 
[INFO ] 11:34:32.272 [Registration Flow] [Thread ID - 1] - Start of TestRegistrationFlow5
[INFO ] 11:34:32.274 [Registration Flow] [Thread ID - 1] - [ChromeDriver: chrome on MAC (b85862592c7759aebb1bc8961d5aaffd)] - inside goTo - opening URL - https://demo.guru99.com/test/newtours/register.php
[INFO ] 11:34:39.177 [Registration Flow] [Thread ID - 1] - [ChromeDriver: chrome on MAC (b85862592c7759aebb1bc8961d5aaffd)] - Waiting for FirstName to be visible..
[INFO ] 11:34:39.673 [Registration Flow] [Thread ID - 1] - [ChromeDriver: chrome on MAC (b85862592c7759aebb1bc8961d5aaffd)] - inside enterContactInfo
[INFO ] 11:34:41.361 [Registration Flow] [Thread ID - 1] - [ChromeDriver: chrome on MAC (b85862592c7759aebb1bc8961d5aaffd)] - inside enterUserInfo
[INFO ] 11:34:41.830 [Registration Flow] [Thread ID - 1] - [ChromeDriver: chrome on MAC (b85862592c7759aebb1bc8961d5aaffd)] - inside submitInfo
[INFO ] 11:34:46.787 [Registration Flow] [Thread ID - 1] - [ChromeDriver: chrome on MAC (b85862592c7759aebb1bc8961d5aaffd)] - Waiting for next page to be visible..
[INFO ] 11:34:47.159 [Registration Flow] [Thread ID - 1] - inside getConfTextValue - after attach
]]></system-out>
    <system-err><![CDATA[Starting ChromeDriver 119.0.6045.105 (38c72552c5e15ba9b3117c0967a0fd105072d7c6-refs/branch-heads/6045@{#1103}) on port 19979
Only local connections are allowed.
Please see https://chromedriver.chromium.org/security-considerations for suggestions on keeping ChromeDriver safe.
ChromeDriver was started successfully.
Nov 18, 2023 11:34:32 AM org.openqa.selenium.devtools.CdpVersionFinder findNearestMatch
WARNING: Unable to find CDP implementation matching 119
Nov 18, 2023 11:34:32 AM org.openqa.selenium.chromium.ChromiumDriver lambda$new$3
WARNING: Unable to find version of CDP to use for . You may need to include a dependency on a specific version of the CDP using something similar to `org.seleniumhq.selenium:selenium-devtools-v86:4.8.1` where the version ("v86") matches the version of the chromium-based browser you're using and the version number of the artifact is the same as Selenium's.
]]></system-err>
  </testcase>
</testsuite>